U    D:\htdocs\inc\homepageContent.inc.asp
更新到版本 82445。
U    D:\htdocs\account\login.asp
更新到版本 82636。
U    D:\htdocs\account\login.asp
U    D:\htdocs\mainpages\AddAnalysolnComments.asp
U    D:\htdocs\mainpages\analysoln.asp
U    D:\htdocs\mainpages\BookPurchaseInfo.asp
U    D:\htdocs\mainpages\saveComment.asp
U    D:\htdocs\mainpages\ViewAnalysolnComments.asp
U    D:\htdocs\mainpages\viewdetail.asp
更新到版本 82638。
U    D:\htdocs\inc\analysolnContent.inc
U    D:\htdocs\mainpages\analysoln.asp
U    D:\htdocs\mainpages\BookPurchaseInfo.asp
U    D:\htdocs\mainpages\Download.asp
U    D:\htdocs\space\shome.asp
更新到版本 82642。
U    D:\htdocs\mainpages\AddAnalysolnComments.asp
U    D:\htdocs\mainpages\ViewAnalysolnComments.asp
U    D:\htdocs\space\clicknum.asp
更新到版本 82643。
U    D:\htdocs\mainpages\BookPurchaseInfo.asp
更新到版本 82644。
U    D:\htdocs\inc\analysolnContent.inc
更新到版本 82645。
U    D:\htdocs\inc\contact.asp
U    D:\htdocs\mainpages\RiskOfficer.asp
U    D:\htdocs\mainpages\TFO.asp
U    D:\htdocs\mainpages\THC_Consulting.asp
U    D:\htdocs\mainpages\THC_Decisions.asp
更新到版本 82646。
U    D:\htdocs\mainpages\analysoln.asp
U    D:\htdocs\mainpages\listSearchModel.asp
U    D:\htdocs\space\clicknum.asp
更新到版本 82649。
U    D:\htdocs\inc\header.inc.asp
U    D:\htdocs\mainpages\analysoln.asp
更新到版本 82650。
U    D:\htdocs\inc\analysolnContent.inc
U    D:\htdocs\inc\commonFunctions.asp
U    D:\htdocs\mainpages\analysoln.asp
U    D:\htdocs\mainpages\ViewAnalysolnComments.asp
U    D:\htdocs\space\shome.asp
更新到版本 82666。
U    D:\htdocs\inc\analysolnContent.inc
U    D:\htdocs\inc\subnav-products.inc.asp
U    D:\htdocs\mainpages\AddAnalysolnComments.asp
U    D:\htdocs\mainpages\banksolutions.asp
U    D:\htdocs\mainpages\listSearchPrivateModel.asp
U    D:\htdocs\mainpages\saveComment.asp
U    D:\htdocs\mainpages\site_map.asp
U    D:\htdocs\mainpages\ViewAnalysolnComments.asp
U    D:\htdocs\mainpages\viewdetail.asp
更新到版本 82670。
版本 82672。
版本 82730。
版本 82730。
版本 82774。
版本 82778。
版本 82932。
